0 0
1 0 0 3.61629 0
1 1 1.17832 1.78555 0.0304569
1 2 7.00945 3.81351 3.35524
1 3 13.5088 4.79113 4.5629
1 4 17.3269 5.063 0.584727
1 5 25.2845 3.9013 3.85467
1 6 26.4665 5.41324 0.751121
1 7 30.7037 7.31613 2.58217
1 8 31.1308 7.52218 2.78237
1 9 26.2767 6.02489 1.35546
1 10 24.7382 3.8191 3.77245
1 11 20.442 3.65357 0.448988
1 12 19.6734 6.10961 1.54895
1 13 15.7704 6.28905 1.82001
1 14 12.959 5.52741 1.17873
1 15 14.2862 7.56662 3.10162
1 16 12.6914 6.56719 2.18835
1 17 9.53764 5.52481 1.33948
1 18 7.19481 2.93788 0.141757
1 19 10.0922 7.52691 3.2005
1 20 5.56499 4.28647 0.52852
1 21 6.82359 5.56997 1.55684
1 22 6.64894 3.81648 3.31831
1 23 5.11245 5.08482 1.26897
1 24 3.00271 2.35476 0.0512406
1 25 3.83394 4.36083 0.804702
1 26 2.17196 2.13419 0.0297862
1 27 1.72202 1.98808 0.0236176
1 28 1.59462 1.93736 0.0198367
1 29 2.46895 3.98294 0.70298
1 30 14.3271 6.53647 2.10335
2 0 0.109598 0.791726 0.00135495
2 1 1.05054 1.69838 0.0169883
2 2 2.74629 2.29934 0.049083
2 3 6.31059 5.01484 1.09876
2 4 9.02082 3.11417 0.208127
2 5 11.4227 3.28954 0.281272
2 6 12.1974 3.27265 0.240773
2 7 15.5671 5.99556 1.54089
2 8 15.8714 6.13212 1.66461
2 9 13.895 5.33001 0.952725
2 10 13.5515 6.10773 1.71512
2 11 13.6954 6.74086 2.32117
2 12 10.5534 5.91022 1.65031
2 13 11.7182 7.64076 3.25161
2 14 11.5929 11.7496 7.17789
2 15 8.69483 6.56611 2.35923
2 16 7.30005 5.57917 1.53132
2 17 7.11102 6.25133 2.15523
2 18 5.96524 5.07622 1.18382
2 19 5.20668 5.16566 1.32997
2 20 7.62846 7.58753 3.34867
2 21 3.88142 4.24905 0.708321
2 22 4.27346 5.17186 1.41785
2 23 5.38451 6.90121 2.8136
2 24 3.74453 5.20076 1.4831
2 25 3.09667 5.32323 1.60974
2 26 4.13867 5.67236 1.83559
2 27 2.23845 3.85521 0.647241
2 28 3.86428 5.90643 2.03408
2 29 4.88987 5.50926 4.10189
2 30 25.5483 20.384 19.2486
3 0 0 3.65108 0
3 1 5.42498 8.42007 5.98546
3 2 234.422 363.831 359.127
3 3 348.052 353.067 351.012
3 4 488.372 702.351 698.222
3 5 434.041 553.45 550.204
3 6 441.492 643.887 639.656
3 7 382.479 635.235 629.787
3 8 273.251 338.331 335.307
3 9 222.894 302.346 298.745
3 10 157.682 228.469 224.129
3 11 135.631 162.568 159.789
3 12 119.12 106.592 101.882
3 13 91.0352 78.7908 77.3456
3 14 70.6191 67.3635 62.5007
3 15 47.0211 39.3368 38.0282
3 16 42.3748 47.2067 44.9553
3 17 36.9284 33.9587 29.0532
3 18 18.2566 19.6246 14.8115
3 19 13.9697 16.0507 11.3098
3 20 13.648 15.9579 11.2178
3 21 19.2317 101.917 96.2871
3 22 9.02338 12.4354 7.81026
3 23 5.56016 8.87957 4.5109
3 24 1.52796 4.78678 1.17342
3 25 2.46704 6.01728 2.0516
3 26 3.42259 6.48899 2.47696
3 27 1.27638 4.19824 0.84946
3 28 2.21183 5.41015 1.63466
3 29 2.49351 6.06908 2.08909
3 30 7.91819 10.519 6.02439
4 0 5.21957 12.7754 8.03541
4 1 17.0818 16.3246 14.8192
4 2 332.853 421.056 417.884
4 3 728.925 1002.5 998.657
4 4 1054 1310.6 1307.34
4 5 1187.55 1639.41 1635.38
4 6 1165.34 1561.74 1557.94
4 7 1085.6 1592.2 1587.73
4 8 979.087 1239.39 1236.04
4 9 818.199 961.585 958.726
4 10 706.839 714.021 711.908
4 11 564.021 676.84 673.93
4 12 428.714 547.581 544.326
4 13 360.579 439.437 436.484
4 14 240.548 221.989 220.301
4 15 212.418 232.244 229.893
4 16 157.197 161.807 159.738
4 17 114.102 121.588 119.396
4 18 103.242 144.127 139.467
4 19 70.1041 59.3613 57.9918
4 20 53.2167 45.6538 40.7522
4 21 46.6386 42.5917 41.0425
4 22 39.9534 36.9729 35.4023
4 23 35.7571 30.4394 29.1133
4 24 31.1791 31.0568 26.153
4 25 23.5493 22.8196 17.9703
4 26 18.6205 19.6891 14.8763
4 27 16.3973 21.4133 16.5408
4 28 17.237 18.8455 16.9187
4 29 16.7038 16.2368 14.6899
4 30 69.1713 56.0009 54.7471
5 0 89.0011 74.7646 73.4027
5 1 81.0603 65.8051 64.5362
5 2 56.9054 46.9366 42.0397
5 3 43.9498 50.2549 45.3258
5 4 39.5641 35.294 30.3882
5 5 13.3705 14.9709 10.265
5 6 7.86395 10.7311 6.21708
5 7 5.33106 9.48142 5.00816
5 8 4.58111 7.95548 3.69076
5 9 1.43376 4.56614 1.04747
5 10 16.136 15.105 13.6696
6 0 306.909 251.407 250.063
6 1 242.942 217.702 216.109
6 2 174.905 141.713 140.419
6 3 128.957 105.549 104.239
6 4 70.7137 59.3138 54.4426
6 5 45.8582 43.4026 41.7449
6 6 29.8643 28.1473 23.2596
6 7 22.7051 21.7723 16.9351
6 8 16.9129 17.2056 12.4426
6 9 13.4043 15.3734 10.6528
6 10 57.4989 50.1892 45.2933
7 0 425.621 474.907 472.412
7 1 226.708 238.528 236.346
7 2 150.496 140.703 138.993
7 3 98.099 101.075 99.0348
7 4 89.2836 86.7212 84.9109
7 5 43.0196 43.6172 41.7345
7 6 41.3637 46.3341 44.0641
7 7 19.8235 21.5786 19.6195
7 8 12.5962 14.0199 9.34787
7 9 15.3562 20.9244 18.135
7 10 50.0309 53.0661 50.9883
